<?xml version="1.0" encoding="UTF-8"?>
<testng-results ignored="0" total="6" passed="6" failed="0" skipped="0">
  <reporter-output>
    <line>
      <![CDATA[Registration Page Displayed]]>
    </line>
    <line>
      <![CDATA[Test Case Pass]]>
    </line>
    <line>
      <![CDATA[Registration Page Displayed]]>
    </line>
    <line>
      <![CDATA[Test Case Pass]]>
    </line>
    <line>
      <![CDATA[Registration Page Displayed]]>
    </line>
    <line>
      <![CDATA[Test Case Pass]]>
    </line>
    <line>
      <![CDATA[Registration Page Displayed]]>
    </line>
    <line>
      <![CDATA[Test Case Pass]]>
    </line>
    <line>
      <![CDATA[Digital Download Page Displayed]]>
    </line>
    <line>
      <![CDATA[ShoppingCart Page Displayed]]>
    </line>
    <line>
      <![CDATA[All Products Added To cart]]>
    </line>
    <line>
      <![CDATA[Products  Removed]]>
    </line>
    <line>
      <![CDATA[Books Page is Displayed ]]>
    </line>
    <line>
      <![CDATA[Fiction Ex Book Displayed]]>
    </line>
    <line>
      <![CDATA[FictionEx Displayed in Wishlist Page]]>
    </line>
    <line>
      <![CDATA[TestCase PASS]]>
    </line>
  </reporter-output>
  <suite started-at="2024-02-07T15:03:42 IST" name="Suite" finished-at="2024-02-07T15:05:00 IST" duration-ms="78041">
    <groups>
    </groups>
    <test started-at="2024-02-07T15:03:42 IST" name="Test" finished-at="2024-02-07T15:05:00 IST" duration-ms="78041">
      <class name="org.automation.testScripts.RegisterTC01Test">
        <test-method is-config="true" signature="launchBrowser(java.lang.String)[pri:0, instance:org.automation.testScripts.RegisterTC01Test@595b007d]" started-at="2024-02-07T15:03:42 IST" name="launchBrowser" finished-at="2024-02-07T15:03:51 IST" duration-ms="9007" status="PASS">
          <params>
            <param index="0">
              <value>
                <![CDATA[Chrome]]>
              </value>
            </param>
          </params>
          <reporter-output>
          </reporter-output>
        </test-method> <!-- launchBrowser -->
        <test-method is-config="true" signature="performLogin()[pri:0, instance:org.automation.testScripts.RegisterTC01Test@595b007d]" started-at="2024-02-07T15:03:53 IST" name="performLogin" finished-at="2024-02-07T15:03:56 IST" duration-ms="3092" status="PASS">
          <reporter-output>
          </reporter-output>
        </test-method> <!-- performLogin -->
        <test-method signature="registertc(java.lang.String,java.lang.String,java.lang.String,java.lang.String,java.lang.String)[pri:0, instance:org.automation.testScripts.RegisterTC01Test@595b007d]" started-at="2024-02-07T15:03:56 IST" name="registertc" data-provider="Registration" finished-at="2024-02-07T15:04:02 IST" duration-ms="5816" status="PASS">
          <params>
            <param index="0">
              <value>
                <![CDATA[Monish]]>
              </value>
            </param>
            <param index="1">
              <value>
                <![CDATA[S N]]>
              </value>
            </param>
            <param index="2">
              <value>
                <![CDATA[Orionmall@gmail.com]]>
              </value>
            </param>
            <param index="3">
              <value>
                <![CDATA[Madhura@123]]>
              </value>
            </param>
            <param index="4">
              <value>
                <![CDATA[Madhura@123]]>
              </value>
            </param>
          </params>
          <reporter-output>
            <line>
              <![CDATA[Registration Page Displayed]]>
            </line>
            <line>
              <![CDATA[Test Case Pass]]>
            </line>
          </reporter-output>
        </test-method> <!-- registertc -->
        <test-method is-config="true" signature="performLogout()[pri:0, instance:org.automation.testScripts.RegisterTC01Test@595b007d]" started-at="2024-02-07T15:04:02 IST" name="performLogout" finished-at="2024-02-07T15:04:04 IST" duration-ms="1754" status="PASS">
          <reporter-output>
          </reporter-output>
        </test-method> <!-- performLogout -->
        <test-method is-config="true" signature="performLogin()[pri:0, instance:org.automation.testScripts.RegisterTC01Test@595b007d]" started-at="2024-02-07T15:04:04 IST" name="performLogin" finished-at="2024-02-07T15:04:06 IST" duration-ms="2140" status="PASS">
          <reporter-output>
          </reporter-output>
        </test-method> <!-- performLogin -->
        <test-method signature="registertc(java.lang.String,java.lang.String,java.lang.String,java.lang.String,java.lang.String)[pri:0, instance:org.automation.testScripts.RegisterTC01Test@595b007d]" started-at="2024-02-07T15:04:06 IST" name="registertc" data-provider="Registration" finished-at="2024-02-07T15:04:10 IST" duration-ms="3966" status="PASS">
          <params>
            <param index="0">
              <value>
                <![CDATA[Shreyas]]>
              </value>
            </param>
            <param index="1">
              <value>
                <![CDATA[k]]>
              </value>
            </param>
            <param index="2">
              <value>
                <![CDATA[LuluMall@gmail.com]]>
              </value>
            </param>
            <param index="3">
              <value>
                <![CDATA[Anusri@123]]>
              </value>
            </param>
            <param index="4">
              <value>
                <![CDATA[Anusri@123]]>
              </value>
            </param>
          </params>
          <reporter-output>
            <line>
              <![CDATA[Registration Page Displayed]]>
            </line>
            <line>
              <![CDATA[Test Case Pass]]>
            </line>
          </reporter-output>
        </test-method> <!-- registertc -->
        <test-method is-config="true" signature="performLogout()[pri:0, instance:org.automation.testScripts.RegisterTC01Test@595b007d]" started-at="2024-02-07T15:04:10 IST" name="performLogout" finished-at="2024-02-07T15:04:11 IST" duration-ms="1500" status="PASS">
          <reporter-output>
          </reporter-output>
        </test-method> <!-- performLogout -->
        <test-method is-config="true" signature="performLogin()[pri:0, instance:org.automation.testScripts.RegisterTC01Test@595b007d]" started-at="2024-02-07T15:04:11 IST" name="performLogin" finished-at="2024-02-07T15:04:14 IST" duration-ms="2524" status="PASS">
          <reporter-output>
          </reporter-output>
        </test-method> <!-- performLogin -->
        <test-method signature="registertc(java.lang.String,java.lang.String,java.lang.String,java.lang.String,java.lang.String)[pri:0, instance:org.automation.testScripts.RegisterTC01Test@595b007d]" started-at="2024-02-07T15:04:14 IST" name="registertc" data-provider="Registration" finished-at="2024-02-07T15:04:18 IST" duration-ms="4175" status="PASS">
          <params>
            <param index="0">
              <value>
                <![CDATA[Basavaraj]]>
              </value>
            </param>
            <param index="1">
              <value>
                <![CDATA[Awati]]>
              </value>
            </param>
            <param index="2">
              <value>
                <![CDATA[Awati@gmail.com]]>
              </value>
            </param>
            <param index="3">
              <value>
                <![CDATA[Awati@123]]>
              </value>
            </param>
            <param index="4">
              <value>
                <![CDATA[Awati@123]]>
              </value>
            </param>
          </params>
          <reporter-output>
            <line>
              <![CDATA[Registration Page Displayed]]>
            </line>
            <line>
              <![CDATA[Test Case Pass]]>
            </line>
          </reporter-output>
        </test-method> <!-- registertc -->
        <test-method is-config="true" signature="performLogout()[pri:0, instance:org.automation.testScripts.RegisterTC01Test@595b007d]" started-at="2024-02-07T15:04:18 IST" name="performLogout" finished-at="2024-02-07T15:04:19 IST" duration-ms="1173" status="PASS">
          <reporter-output>
          </reporter-output>
        </test-method> <!-- performLogout -->
        <test-method is-config="true" signature="performLogin()[pri:0, instance:org.automation.testScripts.RegisterTC01Test@595b007d]" started-at="2024-02-07T15:04:19 IST" name="performLogin" finished-at="2024-02-07T15:04:21 IST" duration-ms="2255" status="PASS">
          <reporter-output>
          </reporter-output>
        </test-method> <!-- performLogin -->
        <test-method signature="registertc(java.lang.String,java.lang.String,java.lang.String,java.lang.String,java.lang.String)[pri:0, instance:org.automation.testScripts.RegisterTC01Test@595b007d]" started-at="2024-02-07T15:04:21 IST" name="registertc" data-provider="Registration" finished-at="2024-02-07T15:04:25 IST" duration-ms="3836" status="PASS">
          <params>
            <param index="0">
              <value>
                <![CDATA[Varsha]]>
              </value>
            </param>
            <param index="1">
              <value>
                <![CDATA[v]]>
              </value>
            </param>
            <param index="2">
              <value>
                <![CDATA[Rajajinagar@gmail.com]]>
              </value>
            </param>
            <param index="3">
              <value>
                <![CDATA[Tommy@123]]>
              </value>
            </param>
            <param index="4">
              <value>
                <![CDATA[Tommy@123]]>
              </value>
            </param>
          </params>
          <reporter-output>
            <line>
              <![CDATA[Registration Page Displayed]]>
            </line>
            <line>
              <![CDATA[Test Case Pass]]>
            </line>
          </reporter-output>
        </test-method> <!-- registertc -->
        <test-method is-config="true" signature="performLogout()[pri:0, instance:org.automation.testScripts.RegisterTC01Test@595b007d]" started-at="2024-02-07T15:04:25 IST" name="performLogout" finished-at="2024-02-07T15:04:26 IST" duration-ms="1012" status="PASS">
          <reporter-output>
          </reporter-output>
        </test-method> <!-- performLogout -->
        <test-method is-config="true" signature="closeBrowser()[pri:0, instance:org.automation.testScripts.RegisterTC01Test@595b007d]" started-at="2024-02-07T15:04:26 IST" name="closeBrowser" finished-at="2024-02-07T15:04:27 IST" duration-ms="394" status="PASS">
          <reporter-output>
          </reporter-output>
        </test-method> <!-- closeBrowser -->
      </class> <!-- org.automation.testScripts.RegisterTC01Test -->
      <class name="org.automation.testScripts.CartTestScripts">
        <test-method is-config="true" signature="launchBrowser(java.lang.String)[pri:0, instance:org.automation.testScripts.CartTestScripts@1189dd52]" started-at="2024-02-07T15:04:27 IST" name="launchBrowser" finished-at="2024-02-07T15:04:32 IST" duration-ms="5557" status="PASS">
          <params>
            <param index="0">
              <value>
                <![CDATA[Chrome]]>
              </value>
            </param>
          </params>
          <reporter-output>
          </reporter-output>
        </test-method> <!-- launchBrowser -->
        <test-method is-config="true" signature="performLogin()[pri:0, instance:org.automation.testScripts.CartTestScripts@1189dd52]" started-at="2024-02-07T15:04:32 IST" name="performLogin" finished-at="2024-02-07T15:04:34 IST" duration-ms="2055" status="PASS">
          <reporter-output>
          </reporter-output>
        </test-method> <!-- performLogin -->
        <test-method signature="cartTestScripts()[pri:0, instance:org.automation.testScripts.CartTestScripts@1189dd52]" started-at="2024-02-07T15:04:34 IST" name="cartTestScripts" finished-at="2024-02-07T15:04:44 IST" duration-ms="9908" status="PASS">
          <reporter-output>
            <line>
              <![CDATA[Digital Download Page Displayed]]>
            </line>
            <line>
              <![CDATA[ShoppingCart Page Displayed]]>
            </line>
            <line>
              <![CDATA[All Products Added To cart]]>
            </line>
            <line>
              <![CDATA[Products  Removed]]>
            </line>
          </reporter-output>
        </test-method> <!-- cartTestScripts -->
        <test-method is-config="true" signature="performLogout()[pri:0, instance:org.automation.testScripts.CartTestScripts@1189dd52]" started-at="2024-02-07T15:04:44 IST" name="performLogout" finished-at="2024-02-07T15:04:46 IST" duration-ms="1455" status="PASS">
          <reporter-output>
          </reporter-output>
        </test-method> <!-- performLogout -->
        <test-method is-config="true" signature="closeBrowser()[pri:0, instance:org.automation.testScripts.CartTestScripts@1189dd52]" started-at="2024-02-07T15:04:46 IST" name="closeBrowser" finished-at="2024-02-07T15:04:46 IST" duration-ms="479" status="PASS">
          <reporter-output>
          </reporter-output>
        </test-method> <!-- closeBrowser -->
      </class> <!-- org.automation.testScripts.CartTestScripts -->
      <class name="org.automation.testScripts.WishListScriptsTest">
        <test-method is-config="true" signature="launchBrowser(java.lang.String)[pri:0, instance:org.automation.testScripts.WishListScriptsTest@36bc55de]" started-at="2024-02-07T15:04:46 IST" name="launchBrowser" finished-at="2024-02-07T15:04:51 IST" duration-ms="5237" status="PASS">
          <params>
            <param index="0">
              <value>
                <![CDATA[Chrome]]>
              </value>
            </param>
          </params>
          <reporter-output>
          </reporter-output>
        </test-method> <!-- launchBrowser -->
        <test-method is-config="true" signature="performLogin()[pri:0, instance:org.automation.testScripts.WishListScriptsTest@36bc55de]" started-at="2024-02-07T15:04:51 IST" name="performLogin" finished-at="2024-02-07T15:04:54 IST" duration-ms="2616" status="PASS">
          <reporter-output>
          </reporter-output>
        </test-method> <!-- performLogin -->
        <test-method signature="wishListScripts()[pri:0, instance:org.automation.testScripts.WishListScriptsTest@36bc55de]" started-at="2024-02-07T15:04:54 IST" name="wishListScripts" finished-at="2024-02-07T15:04:59 IST" duration-ms="4654" status="PASS">
          <reporter-output>
            <line>
              <![CDATA[Books Page is Displayed ]]>
            </line>
            <line>
              <![CDATA[Fiction Ex Book Displayed]]>
            </line>
            <line>
              <![CDATA[FictionEx Displayed in Wishlist Page]]>
            </line>
            <line>
              <![CDATA[TestCase PASS]]>
            </line>
          </reporter-output>
        </test-method> <!-- wishListScripts -->
        <test-method is-config="true" signature="performLogout()[pri:0, instance:org.automation.testScripts.WishListScriptsTest@36bc55de]" started-at="2024-02-07T15:04:59 IST" name="performLogout" finished-at="2024-02-07T15:05:00 IST" duration-ms="1027" status="PASS">
          <reporter-output>
          </reporter-output>
        </test-method> <!-- performLogout -->
        <test-method is-config="true" signature="closeBrowser()[pri:0, instance:org.automation.testScripts.WishListScriptsTest@36bc55de]" started-at="2024-02-07T15:05:00 IST" name="closeBrowser" finished-at="2024-02-07T15:05:00 IST" duration-ms="410" status="PASS">
          <reporter-output>
          </reporter-output>
        </test-method> <!-- closeBrowser -->
      </class> <!-- org.automation.testScripts.WishListScriptsTest -->
    </test> <!-- Test -->
  </suite> <!-- Suite -->
</testng-results>
