<?xml version="1.0" encoding="UTF-8"?>
<!-- Generated by org.testng.reporters.JUnitXMLReporter -->
<testsuite ignored="0" hostname="TYSS-Monish-S-N" failures="0" tests="4" name="Default test" time="26.181" errors="0" timestamp="2024-02-07T09:37:12 IST">
  <testcase classname="org.automation.testScripts.RegisterTC01Test" name="registertc" time="2.974"/>
  <testcase classname="org.automation.testScripts.RegisterTC01Test" name="registertc" time="2.63"/>
  <testcase classname="org.automation.testScripts.RegisterTC01Test" name="registertc" time="2.338"/>
  <testcase classname="org.automation.testScripts.RegisterTC01Test" name="registertc" time="2.521"/>
</testsuite> <!-- Default test -->
