<?xml version="1.0" encoding="UTF-8"?>
<!-- Generated by org.testng.reporters.JUnitXMLReporter -->
<testsuite ignored="0" hostname="TYSS-Monish-S-N" failures="0" tests="6" name="Test" time="78.041" errors="0" timestamp="2024-02-07T15:05:00 IST">
  <testcase classname="org.automation.testScripts.RegisterTC01Test" name="registertc" time="5.816"/>
  <testcase classname="org.automation.testScripts.RegisterTC01Test" name="registertc" time="3.966"/>
  <testcase classname="org.automation.testScripts.RegisterTC01Test" name="registertc" time="4.175"/>
  <testcase classname="org.automation.testScripts.RegisterTC01Test" name="registertc" time="3.836"/>
  <testcase classname="org.automation.testScripts.CartTestScripts" name="cartTestScripts" time="9.908"/>
  <testcase classname="org.automation.testScripts.WishListScriptsTest" name="wishListScripts" time="4.654"/>
</testsuite> <!-- Test -->
